<?xml version="1.0" encoding="UTF-8"?>
<testng-results ignored="0" total="1" passed="1" failed="0" skipped="0">
  <reporter-output>
  </reporter-output>
  <suite started-at="2021-12-03T09:42:38 IST" name="Default suite" finished-at="2021-12-03T09:43:21 IST" duration-ms="42965">
    <groups>
    </groups>
    <test started-at="2021-12-03T09:42:38 IST" name="Default test" finished-at="2021-12-03T09:43:21 IST" duration-ms="42965">
      <class name="E2Egroup.E2EFramework.testcase">
        <test-method signature="test1()[pri:0, instance:E2Egroup.E2EFramework.testcase@22ef9844]" started-at="2021-12-03T09:42:38 IST" name="test1" finished-at="2021-12-03T09:43:21 IST" duration-ms="42837" status="PASS">
          <reporter-output>
          </reporter-output>
        </test-method> <!-- test1 -->
      </class> <!-- E2Egroup.E2EFramework.testcase -->
    </test> <!-- Default test -->
  </suite> <!-- Default suite -->
</testng-results>
