<?xml version="1.0" encoding="UTF-8"?>
<!-- Generated by org.testng.reporters.JUnitXMLReporter -->
<testsuite ignored="8" hostname="DESKTOP-SDLN166" failures="0" tests="1" name="Default test" time="171.233" errors="0" timestamp="2023-12-08T18:58:05 IST">
  <testcase classname="com.test.Testing" name="frame2Scroll" time="5.388"/>
  <testcase classname="com.test.Testing" name="selectDropdown" time="0.0">
    <ignored/>
  </testcase> <!-- selectDropdown -->
  <testcase classname="com.test.Testing" name="webtable" time="0.0">
    <ignored/>
  </testcase> <!-- webtable -->
  <testcase classname="com.test.Testing" name="checkBox" time="0.0">
    <ignored/>
  </testcase> <!-- checkBox -->
  <testcase classname="com.test.Testing" name="fillTextArea" time="0.0">
    <ignored/>
  </testcase> <!-- fillTextArea -->
  <testcase classname="com.test.Testing" name="frame1" time="0.0">
    <ignored/>
  </testcase> <!-- frame1 -->
  <testcase classname="com.test.Testing" name="fillTextBox" time="0.0">
    <ignored/>
  </testcase> <!-- fillTextBox -->
  <testcase classname="com.test.Testing" name="selectRadioButton" time="0.0">
    <ignored/>
  </testcase> <!-- selectRadioButton -->
  <testcase classname="com.test.Testing" name="inputTypeButton" time="0.0">
    <ignored/>
  </testcase> <!-- inputTypeButton -->
</testsuite> <!-- Default test -->
