<?xml version="1.0" encoding="UTF-8"?>
<testng-results skipped="0" failed="0" ignored="0" total="6" passed="6">
  <reporter-output>
  </reporter-output>
  <suite name="Suite" duration-ms="168" started-at="2021-11-07T11:02:06Z" finished-at="2021-11-07T11:02:06Z">
    <groups>
    </groups>
    <test name="Test" duration-ms="168" started-at="2021-11-07T11:02:06Z" finished-at="2021-11-07T11:02:06Z">
      <class name="mavengroupid.mavenjava.seleniumTest">
        <test-method status="PASS" signature="selenium()[pri:0, instance:mavengroupid.mavenjava.seleniumTest@b7f23d9]" name="selenium" duration-ms="1" started-at="2021-11-07T16:32:06Z" finished-at="2021-11-07T16:32:06Z">
          <reporter-output>
          </reporter-output>
        </test-method> <!-- selenium -->
        <test-method status="PASS" signature="selenium2()[pri:0, instance:mavengroupid.mavenjava.seleniumTest@b7f23d9]" name="selenium2" duration-ms="2" started-at="2021-11-07T16:32:06Z" finished-at="2021-11-07T16:32:06Z">
          <reporter-output>
          </reporter-output>
        </test-method> <!-- selenium2 -->
      </class> <!-- mavengroupid.mavenjava.seleniumTest -->
      <class name="mavengroupid.mavenjava.appiumTest">
        <test-method status="PASS" signature="appium1()[pri:0, instance:mavengroupid.mavenjava.appiumTest@61d47554]" name="appium1" duration-ms="1" started-at="2021-11-07T16:32:06Z" finished-at="2021-11-07T16:32:06Z">
          <reporter-output>
          </reporter-output>
        </test-method> <!-- appium1 -->
        <test-method status="PASS" signature="appium2()[pri:0, instance:mavengroupid.mavenjava.appiumTest@61d47554]" name="appium2" duration-ms="3" started-at="2021-11-07T16:32:06Z" finished-at="2021-11-07T16:32:06Z">
          <reporter-output>
          </reporter-output>
        </test-method> <!-- appium2 -->
      </class> <!-- mavengroupid.mavenjava.appiumTest -->
      <class name="mavengroupid.mavenjava.selenium">
        <test-method status="PASS" signature="selenium()[pri:0, instance:mavengroupid.mavenjava.selenium@7ff2a664]" name="selenium" duration-ms="42" started-at="2021-11-07T16:32:06Z" finished-at="2021-11-07T16:32:06Z">
          <reporter-output>
          </reporter-output>
        </test-method> <!-- selenium -->
        <test-method status="PASS" signature="selenium2()[pri:0, instance:mavengroupid.mavenjava.selenium@7ff2a664]" name="selenium2" duration-ms="2" started-at="2021-11-07T16:32:06Z" finished-at="2021-11-07T16:32:06Z">
          <reporter-output>
          </reporter-output>
        </test-method> <!-- selenium2 -->
      </class> <!-- mavengroupid.mavenjava.selenium -->
    </test> <!-- Test -->
  </suite> <!-- Suite -->
</testng-results>
