<?xml version="1.0" encoding="UTF-8"?>
<testng-results ignored="0" total="1" passed="1" failed="0" skipped="0">
  <reporter-output>
  </reporter-output>
  <suite started-at="2022-01-17T13:15:45 IST" name="Default suite" finished-at="2022-01-17T13:17:17 IST" duration-ms="92570">
    <groups>
    </groups>
    <test started-at="2022-01-17T13:15:45 IST" name="Default test" finished-at="2022-01-17T13:17:17 IST" duration-ms="92570">
      <class name="E2E.complete.makmyTripLogin">
        <test-method signature="loginTest()[pri:0, instance:E2E.complete.makmyTripLogin@3a44431a]" started-at="2022-01-17T13:15:45 IST" name="loginTest" finished-at="2022-01-17T13:17:17 IST" duration-ms="92389" status="PASS">
          <reporter-output>
          </reporter-output>
        </test-method> <!-- loginTest -->
      </class> <!-- E2E.complete.makmyTripLogin -->
    </test> <!-- Default test -->
  </suite> <!-- Default suite -->
</testng-results>
