<?xml version="1.0" encoding="UTF-8"?>
<!-- Generated by org.testng.reporters.JUnitXMLReporter -->
<testsuite ignored="0" hostname="DESKTOP-SDLN166" failures="2" tests="6" name="Test" time="117.629" errors="0" timestamp="2022-02-06T21:04:20 IST">
  <testcase classname="Practice.E2E.frameTest" name="test" time="2.551"/>
  <testcase classname="Practice.E2E.IncrementDropdown" name="autoSuggest" time="4.71"/>
  <testcase classname="Practice.E2E.IncrementDropdown" name="incrementTest" time="4.427"/>
  <testcase classname="Practice.E2E.dropdownTest" name="test" time="13.789"/>
  <testcase classname="Practice.E2E.brokenlinksTest" name="test" time="12.914">
    <failure type="java.lang.AssertionError" message="The following asserts failed:
	the broken link is Broken Link With the response code of 404 expected [true] but found [false]">
      <![CDATA[java.lang.AssertionError: The following asserts failed:
the broken link is Broken Link With the response code of 404 expected [true] but found [false]
at Practice.E2E.brokenlinksTest.test(brokenlinksTest.java:42)
at java.base/java.util.ArrayList.forEach(ArrayList.java:1511)
... Removed 29 stack frames]]>
    </failure>
  </testcase> <!-- test -->
  <testcase classname="Practice.E2E.brokenlinksTest" name="test" time="12.929">
    <failure type="java.lang.NullPointerException" message="Cannot invoke &amp;quot;org.openqa.selenium.TakesScreenshot.getScreenshotAs(org.openqa.selenium.OutputType)&amp;quot; because &amp;quot;driver&amp;quot; is null">
      <![CDATA[java.lang.NullPointerException: Cannot invoke "org.openqa.selenium.TakesScreenshot.getScreenshotAs(org.openqa.selenium.OutputType)" because "driver" is null
at Practice.E2E.Initialization.takeScreenShot(Initialization.java:45)
at Practice.E2E.listening.onTestFailure(listening.java:30)
at java.base/java.util.ArrayList.forEach(ArrayList.java:1511)
... Removed 24 stack frames]]>
    </failure>
  </testcase> <!-- test -->
</testsuite> <!-- Test -->
