<?xml version="1.0" encoding="UTF-8"?>
<testng-results ignored="8" total="9" passed="1" failed="0" skipped="0">
  <reporter-output>
  </reporter-output>
  <suite started-at="2023-12-08T18:55:11 IST" name="Default suite" finished-at="2023-12-08T18:58:03 IST" duration-ms="171233">
    <groups>
    </groups>
    <test started-at="2023-12-08T18:55:11 IST" name="Default test" finished-at="2023-12-08T18:58:03 IST" duration-ms="171233">
      <class name="com.test.Testing">
        <test-method is-config="true" signature="launchBrowser()[pri:0, instance:com.test.Testing@4803b726]" started-at="2023-12-08T18:55:12 IST" name="launchBrowser" finished-at="2023-12-08T18:57:57 IST" duration-ms="165293" status="PASS">
          <reporter-output>
          </reporter-output>
        </test-method> <!-- launchBrowser -->
        <test-method signature="frame2Scroll()[pri:9, instance:com.test.Testing@4803b726]" started-at="2023-12-08T18:57:57 IST" name="frame2Scroll" finished-at="2023-12-08T18:58:03 IST" duration-ms="5388" status="PASS">
          <reporter-output>
          </reporter-output>
        </test-method> <!-- frame2Scroll -->
        <test-method is-config="true" signature="closeBrowser()[pri:0, instance:com.test.Testing@4803b726]" started-at="2023-12-08T18:58:03 IST" name="closeBrowser" finished-at="2023-12-08T18:58:03 IST" duration-ms="0" status="PASS">
          <reporter-output>
          </reporter-output>
        </test-method> <!-- closeBrowser -->
      </class> <!-- com.test.Testing -->
    </test> <!-- Default test -->
  </suite> <!-- Default suite -->
</testng-results>
