<?xml version="1.0" encoding="UTF-8"?>
<testng-results skipped="0" failed="0" ignored="0" total="1" passed="1">
  <reporter-output>
  </reporter-output>
  <suite name="Suite" duration-ms="19864" started-at="2021-12-03T12:41:34 IST" finished-at="2021-12-03T12:41:54 IST">
    <groups>
    </groups>
    <test name="Test" duration-ms="19864" started-at="2021-12-03T12:41:34 IST" finished-at="2021-12-03T12:41:54 IST">
      <class name="E2Egroup.practice.test">
        <test-method status="PASS" signature="test1()[pri:0, instance:E2Egroup.practice.test@2a17b7b6]" name="test1" duration-ms="19732" started-at="2021-12-03T12:41:34 IST" finished-at="2021-12-03T12:41:54 IST">
          <reporter-output>
          </reporter-output>
        </test-method> <!-- test1 -->
      </class> <!-- E2Egroup.practice.test -->
    </test> <!-- Test -->
  </suite> <!-- Suite -->
</testng-results>
