<?xml version="1.0" encoding="UTF-8"?>
<testng-results ignored="0" total="0" passed="0" failed="0" skipped="0">
  <reporter-output>
  </reporter-output>
  <suite started-at="2022-04-15T15:20:10 IST" name="Default suite" finished-at="2022-04-15T15:20:10 IST" duration-ms="31">
    <groups>
    </groups>
    <test started-at="2022-04-15T15:20:10 IST" name="Default test" finished-at="2022-04-15T15:20:10 IST" duration-ms="31">
      <class name="com.ati.qa.tests.AtiHomePageTest">
        <test-method is-config="true" signature="initreport()[pri:0, instance:com.ati.qa.tests.AtiHomePageTest@1ffaf86]" started-at="2022-04-15T15:20:09 IST" name="initreport" finished-at="2022-04-15T15:20:10 IST" duration-ms="556" status="PASS">
          <reporter-output>
          </reporter-output>
        </test-method> <!-- initreport -->
        <test-method is-config="true" signature="flush()[pri:0, instance:com.ati.qa.tests.AtiHomePageTest@1ffaf86]" started-at="2022-04-15T15:20:10 IST" name="flush" finished-at="2022-04-15T15:20:10 IST" duration-ms="39" status="PASS">
          <reporter-output>
          </reporter-output>
        </test-method> <!-- flush -->
      </class> <!-- com.ati.qa.tests.AtiHomePageTest -->
    </test> <!-- Default test -->
  </suite> <!-- Default suite -->
</testng-results>
