<?xml version="1.0" encoding="UTF-8"?>
<testng-results ignored="0" total="4" passed="4" failed="0" skipped="0">
  <reporter-output>
  </reporter-output>
  <suite started-at="2021-11-21T18:44:55 IST" name="Suite" finished-at="2021-11-21T18:44:55 IST" duration-ms="155">
    <groups>
      <group name="smoke">
        <method signature="Test1.loan()[pri:0, instance:testNgRevised.Test1@2fd1433e]" name="loan" class="testNgRevised.Test1"/>
        <method signature="Test2.homeLoan()[pri:0, instance:testNgRevised.Test2@48f278eb]" name="homeLoan" class="testNgRevised.Test2"/>
      </group> <!-- smoke -->
    </groups>
    <test started-at="2021-11-21T18:44:55 IST" name="Loan" finished-at="2021-11-21T18:44:55 IST" duration-ms="155">
      <class name="testNgRevised.Test2">
        <test-method is-config="true" signature="beforTest()[pri:0, instance:testNgRevised.Test2@48f278eb]" started-at="2021-11-21T18:44:55 IST" name="beforTest" finished-at="2021-11-21T18:44:55 IST" duration-ms="26" status="PASS">
          <reporter-output>
          </reporter-output>
        </test-method> <!-- beforTest -->
        <test-method is-config="true" signature="beforeMethod()[pri:0, instance:testNgRevised.Test2@48f278eb]" started-at="2021-11-21T18:44:55 IST" name="beforeMethod" finished-at="2021-11-21T18:44:55 IST" duration-ms="2" status="PASS">
          <reporter-output>
          </reporter-output>
        </test-method> <!-- beforeMethod -->
        <test-method signature="homeLoan()[pri:0, instance:testNgRevised.Test2@48f278eb]" started-at="2021-11-21T18:44:55 IST" name="homeLoan" finished-at="2021-11-21T18:44:55 IST" duration-ms="24" status="PASS">
          <reporter-output>
          </reporter-output>
        </test-method> <!-- homeLoan -->
        <test-method is-config="true" signature="beforeMethod()[pri:0, instance:testNgRevised.Test2@48f278eb]" started-at="2021-11-21T18:44:55 IST" name="beforeMethod" finished-at="2021-11-21T18:44:55 IST" duration-ms="1" status="PASS">
          <reporter-output>
          </reporter-output>
        </test-method> <!-- beforeMethod -->
        <test-method signature="carLoan()[pri:0, instance:testNgRevised.Test2@48f278eb]" started-at="2021-11-21T18:44:55 IST" name="carLoan" finished-at="2021-11-21T18:44:55 IST" depends-on-methods="testNgRevised.Test2.homeLoan" duration-ms="7" status="PASS">
          <reporter-output>
          </reporter-output>
        </test-method> <!-- carLoan -->
      </class> <!-- testNgRevised.Test2 -->
    </test> <!-- Loan -->
    <test started-at="2021-11-21T18:44:55 IST" name="Test" finished-at="2021-11-21T18:44:55 IST" duration-ms="154">
      <class name="testNgRevised.Test1">
        <test-method signature="loan()[pri:0, instance:testNgRevised.Test1@2fd1433e]" started-at="2021-11-21T18:44:55 IST" name="loan" finished-at="2021-11-21T18:44:55 IST" duration-ms="23" status="PASS">
          <reporter-output>
          </reporter-output>
        </test-method> <!-- loan -->
        <test-method signature="parameter(java.lang.String)[pri:0, instance:testNgRevised.Test1@2fd1433e]" started-at="2021-11-21T18:44:55 IST" name="parameter" finished-at="2021-11-21T18:44:55 IST" duration-ms="7" status="PASS">
          <params>
            <param index="0">
              <value>
                <![CDATA[ths is value]]>
              </value>
            </param>
          </params>
          <reporter-output>
          </reporter-output>
        </test-method> <!-- parameter -->
        <test-method is-config="true" signature="afterTest()[pri:0, instance:testNgRevised.Test1@2fd1433e]" started-at="2021-11-21T18:44:55 IST" name="afterTest" finished-at="2021-11-21T18:44:55 IST" duration-ms="1" status="PASS">
          <reporter-output>
          </reporter-output>
        </test-method> <!-- afterTest -->
      </class> <!-- testNgRevised.Test1 -->
    </test> <!-- Test -->
  </suite> <!-- Suite -->
</testng-results>
