<?xml version="1.0" encoding="UTF-8"?>
<!-- Generated by org.testng.reporters.JUnitXMLReporter -->
<testsuite ignored="0" hostname="DESKTOP-SDLN166" failures="0" tests="3" name="Default test" time="0.173" errors="0" timestamp="2021-11-21T17:49:18 IST">
  <testcase classname="testNgRevised.Test3" name="test" time="0.021"/>
  <testcase classname="testNgRevised.Test3" name="test" time="0.004"/>
  <testcase classname="testNgRevised.Test3" name="test" time="0.004"/>
</testsuite> <!-- Default test -->
