<?xml version="1.0" encoding="UTF-8"?>
<!-- Generated by org.testng.reporters.JUnitXMLReporter -->
<testsuite ignored="0" hostname="DESKTOP-SDLN166" failures="0" tests="5" name="EMI" time="0.179" errors="0" timestamp="2021-11-05T10:30:48 IST">
  <testcase classname="Tests.test4" name="testloan1" time="0.01"/>
  <testcase classname="Tests.test4" name="testloan2" time="0.004"/>
  <testcase classname="Tests.test4" name="testloan3" time="0.003"/>
  <testcase classname="Tests.test5" name="emi" time="0.005"/>
  <testcase classname="Tests.test5" name="monthEmi" time="0.004"/>
</testsuite> <!-- EMI -->
