<?xml version="1.0" encoding="UTF-8"?>
<!-- Generated by org.testng.reporters.JUnitXMLReporter -->
<testsuite ignored="0" hostname="DESKTOP-SDLN166" failures="0" tests="4" name="loan" time="0.073" errors="0" timestamp="2021-11-05T10:30:49 IST">
  <testcase classname="Tests.test1" name="loan" time="0.009"/>
  <testcase classname="Tests.test1" name="demo" time="0.007"/>
  <testcase classname="Tests.test2" name="personalLoan" time="0.005"/>
  <testcase classname="Tests.test2" name="personalLoanArrear" time="0.005"/>
</testsuite> <!-- loan -->
