<?xml version="1.0" encoding="UTF-8"?>
<!-- Generated by org.testng.reporters.JUnitXMLReporter -->
<testsuite ignored="1" hostname="DESKTOP-SDLN166" failures="0" tests="2" name="PersonalLoan" time="0.043" errors="0" timestamp="2021-11-04T19:10:31 IST">
  <testcase classname="Tests.test2" name="personalLoan" time="0.004"/>
  <testcase classname="Tests.test3" name="presonalLoanIntrest" time="0.005"/>
  <testcase classname="Tests.test2" name="personalLoanArrear" time="0.0">
    <ignored/>
  </testcase> <!-- personalLoanArrear -->
</testsuite> <!-- PersonalLoan -->
