<?xml version="1.0" encoding="UTF-8"?>
<!-- Generated by org.testng.reporters.JUnitXMLReporter -->
<testsuite ignored="0" hostname="DESKTOP-SDLN166" failures="0" tests="8" name="Test" time="0.207" errors="0" timestamp="2021-11-04T19:13:51 IST">
  <testcase classname="Tests.test1" name="demo" time="0.013"/>
  <testcase classname="Tests.test1" name="loan" time="0.007"/>
  <testcase classname="Tests.test2" name="personalLoan" time="0.004"/>
  <testcase classname="Tests.test2" name="personalLoanArrear" time="0.005"/>
  <testcase classname="Tests.test3" name="presonalLoanIntrest" time="0.009"/>
  <testcase classname="Tests.test4" name="testloan1" time="0.003"/>
  <testcase classname="Tests.test4" name="testloan2" time="0.004"/>
  <testcase classname="Tests.test4" name="testloan3" time="0.003"/>
</testsuite> <!-- Test -->
