<?xml version="1.0" encoding="UTF-8"?>
<!-- Generated by org.testng.reporters.JUnitXMLReporter -->
<testsuite ignored="0" hostname="DESKTOP-SDLN166" failures="0" tests="5" name="Test" time="121.415" errors="0" timestamp="2022-08-24T18:26:46 IST">
  <testcase classname="com.cmr.qa.tests.Test1_LoginTest" name="isUrlValid" time="0.027"/>
  <testcase classname="com.cmr.qa.tests.Test1_LoginTest" name="TitleTest" time="0.024"/>
  <testcase classname="com.cmr.qa.tests.Test1_LoginTest" name="isLogoDisplayedTest" time="3.341"/>
  <testcase classname="com.cmr.qa.tests.Test1_LoginTest" name="log" time="3.312"/>
  <testcase classname="com.cmr.qa.tests.Test1_LoginTest" name="clickForgetPasswordBtn" time="2.863"/>
</testsuite> <!-- Test -->
